---------------------------------------------------------------
[ 2017-01-01T23:10:39+08:00 ] 127.0.0.1 127.0.0.1 GET /admin/crontab/get_cache_wh_data
[ info ] local.wh.com/admin/crontab/get_cache_wh_data [运行时间：0.032002s][吞吐率：31.25req/s] [内存消耗：1,108.16kb] [文件加载：36]
[ info ] [ LANG ] G:\whsystem\thinkphp\lang\zh-cn.php
[ info ] [ ROUTE ] array (
  'type' => 'module',
  'module' => 
  array (
    0 => 'admin',
    1 => 'crontab',
    2 => 'get_cache_wh_data',
  ),
)
[ info ] [ HEADER ] array (
  'cookie' => 'PHPSESSID=j5ob2tulke5ii7upjovk99ro63; Hm_lvt_0ab4db557b96d841137861e0740d1e0a=1507555348,1507641749,1507732508,1507906052; Hm_lpvt_0ab4db557b96d841137861e0740d1e0a=1507906052; Hm_lvt_18784dd00dc1c9774528d08ae7943072=1507555349,1507641750,1507732513,1507906054; Hm_lpvt_18784dd00dc1c9774528d08ae7943072=1507906054',
  'accept-language' => 'zh-CN,zh;q=0.8',
  'accept-encoding' => 'gzip, deflate, sdch',
  'accept' => 'text/html,application/xhtml+xml,application/xml;q=0.9,image/webp,*/*;q=0.8',
  'user-agent' => 'Mozilla/5.0 (Windows NT 6.1; WOW64) AppleWebKit/537.36 (KHTML, like Gecko) Chrome/53.0.2785.104 Safari/537.36 Core/1.53.3408.400 QQBrowser/9.6.12028.400',
  'upgrade-insecure-requests' => '1',
  'cache-control' => 'max-age=0',
  'connection' => 'keep-alive',
  'host' => 'local.wh.com',
  'content-length' => '',
  'content-type' => '',
)
[ info ] [ PARAM ] array (
)
[ info ] [ RUN ] app\admin\controller\Crontab->get_cache_wh_data[ G:\whsystem\application\admin\controller\Crontab.php ]
[ info ] [ LOG ] INIT File
---------------------------------------------------------------
[ 2017-01-01T23:12:49+08:00 ] 127.0.0.1 127.0.0.1 GET /admin/crontab/get_cache_wh_data
[ info ] local.wh.com/admin/crontab/get_cache_wh_data [运行时间：0.033002s][吞吐率：30.30req/s] [内存消耗：1,108.43kb] [文件加载：36]
[ info ] [ LANG ] G:\whsystem\thinkphp\lang\zh-cn.php
[ info ] [ ROUTE ] array (
  'type' => 'module',
  'module' => 
  array (
    0 => 'admin',
    1 => 'crontab',
    2 => 'get_cache_wh_data',
  ),
)
[ info ] [ HEADER ] array (
  'cookie' => 'PHPSESSID=j5ob2tulke5ii7upjovk99ro63; Hm_lvt_0ab4db557b96d841137861e0740d1e0a=1507555348,1507641749,1507732508,1507906052; Hm_lpvt_0ab4db557b96d841137861e0740d1e0a=1507906052; Hm_lvt_18784dd00dc1c9774528d08ae7943072=1507555349,1507641750,1507732513,1507906054; Hm_lpvt_18784dd00dc1c9774528d08ae7943072=1507906054',
  'accept-language' => 'zh-CN,zh;q=0.8',
  'accept-encoding' => 'gzip, deflate, sdch',
  'accept' => 'text/html,application/xhtml+xml,application/xml;q=0.9,image/webp,*/*;q=0.8',
  'user-agent' => 'Mozilla/5.0 (Windows NT 6.1; WOW64) AppleWebKit/537.36 (KHTML, like Gecko) Chrome/53.0.2785.104 Safari/537.36 Core/1.53.3408.400 QQBrowser/9.6.12028.400',
  'upgrade-insecure-requests' => '1',
  'cache-control' => 'max-age=0',
  'connection' => 'keep-alive',
  'host' => 'local.wh.com',
  'content-length' => '',
  'content-type' => '',
)
[ info ] [ PARAM ] array (
)
[ info ] [ RUN ] app\admin\controller\Crontab->get_cache_wh_data[ G:\whsystem\application\admin\controller\Crontab.php ]
[ info ] [ LOG ] INIT File
---------------------------------------------------------------
[ 2017-01-01T23:13:01+08:00 ] 127.0.0.1 127.0.0.1 GET /admin/crontab/get_cache_wh_data
[ info ] local.wh.com/admin/crontab/get_cache_wh_data [运行时间：0.031002s][吞吐率：32.26req/s] [内存消耗：1,108.69kb] [文件加载：36]
[ info ] [ LANG ] G:\whsystem\thinkphp\lang\zh-cn.php
[ info ] [ ROUTE ] array (
  'type' => 'module',
  'module' => 
  array (
    0 => 'admin',
    1 => 'crontab',
    2 => 'get_cache_wh_data',
  ),
)
[ info ] [ HEADER ] array (
  'cookie' => 'PHPSESSID=j5ob2tulke5ii7upjovk99ro63; Hm_lvt_0ab4db557b96d841137861e0740d1e0a=1507555348,1507641749,1507732508,1507906052; Hm_lpvt_0ab4db557b96d841137861e0740d1e0a=1507906052; Hm_lvt_18784dd00dc1c9774528d08ae7943072=1507555349,1507641750,1507732513,1507906054; Hm_lpvt_18784dd00dc1c9774528d08ae7943072=1507906054',
  'accept-language' => 'zh-CN,zh;q=0.8',
  'accept-encoding' => 'gzip, deflate, sdch',
  'accept' => 'text/html,application/xhtml+xml,application/xml;q=0.9,image/webp,*/*;q=0.8',
  'user-agent' => 'Mozilla/5.0 (Windows NT 6.1; WOW64) AppleWebKit/537.36 (KHTML, like Gecko) Chrome/53.0.2785.104 Safari/537.36 Core/1.53.3408.400 QQBrowser/9.6.12028.400',
  'upgrade-insecure-requests' => '1',
  'cache-control' => 'no-cache',
  'pragma' => 'no-cache',
  'connection' => 'keep-alive',
  'host' => 'local.wh.com',
  'content-length' => '',
  'content-type' => '',
)
[ info ] [ PARAM ] array (
)
[ info ] [ RUN ] app\admin\controller\Crontab->get_cache_wh_data[ G:\whsystem\application\admin\controller\Crontab.php ]
[ info ] [ LOG ] INIT File
---------------------------------------------------------------
[ 2017-01-01T23:13:02+08:00 ] 127.0.0.1 127.0.0.1 GET /admin/crontab/get_cache_wh_data
[ info ] local.wh.com/admin/crontab/get_cache_wh_data [运行时间：0.028002s][吞吐率：35.71req/s] [内存消耗：1,108.43kb] [文件加载：36]
[ info ] [ LANG ] G:\whsystem\thinkphp\lang\zh-cn.php
[ info ] [ ROUTE ] array (
  'type' => 'module',
  'module' => 
  array (
    0 => 'admin',
    1 => 'crontab',
    2 => 'get_cache_wh_data',
  ),
)
[ info ] [ HEADER ] array (
  'cookie' => 'PHPSESSID=j5ob2tulke5ii7upjovk99ro63; Hm_lvt_0ab4db557b96d841137861e0740d1e0a=1507555348,1507641749,1507732508,1507906052; Hm_lpvt_0ab4db557b96d841137861e0740d1e0a=1507906052; Hm_lvt_18784dd00dc1c9774528d08ae7943072=1507555349,1507641750,1507732513,1507906054; Hm_lpvt_18784dd00dc1c9774528d08ae7943072=1507906054',
  'accept-language' => 'zh-CN,zh;q=0.8',
  'accept-encoding' => 'gzip, deflate, sdch',
  'accept' => 'text/html,application/xhtml+xml,application/xml;q=0.9,image/webp,*/*;q=0.8',
  'user-agent' => 'Mozilla/5.0 (Windows NT 6.1; WOW64) AppleWebKit/537.36 (KHTML, like Gecko) Chrome/53.0.2785.104 Safari/537.36 Core/1.53.3408.400 QQBrowser/9.6.12028.400',
  'upgrade-insecure-requests' => '1',
  'cache-control' => 'max-age=0',
  'connection' => 'keep-alive',
  'host' => 'local.wh.com',
  'content-length' => '',
  'content-type' => '',
)
[ info ] [ PARAM ] array (
)
[ info ] [ RUN ] app\admin\controller\Crontab->get_cache_wh_data[ G:\whsystem\application\admin\controller\Crontab.php ]
[ info ] [ LOG ] INIT File
---------------------------------------------------------------
[ 2017-01-01T23:13:04+08:00 ] 127.0.0.1 127.0.0.1 GET /admin/crontab/get_cache_wh_data
[ info ] local.wh.com/admin/crontab/get_cache_wh_data [运行时间：0.033002s][吞吐率：30.30req/s] [内存消耗：1,108.43kb] [文件加载：36]
[ info ] [ LANG ] G:\whsystem\thinkphp\lang\zh-cn.php
[ info ] [ ROUTE ] array (
  'type' => 'module',
  'module' => 
  array (
    0 => 'admin',
    1 => 'crontab',
    2 => 'get_cache_wh_data',
  ),
)
[ info ] [ HEADER ] array (
  'cookie' => 'PHPSESSID=j5ob2tulke5ii7upjovk99ro63; Hm_lvt_0ab4db557b96d841137861e0740d1e0a=1507555348,1507641749,1507732508,1507906052; Hm_lpvt_0ab4db557b96d841137861e0740d1e0a=1507906052; Hm_lvt_18784dd00dc1c9774528d08ae7943072=1507555349,1507641750,1507732513,1507906054; Hm_lpvt_18784dd00dc1c9774528d08ae7943072=1507906054',
  'accept-language' => 'zh-CN,zh;q=0.8',
  'accept-encoding' => 'gzip, deflate, sdch',
  'accept' => 'text/html,application/xhtml+xml,application/xml;q=0.9,image/webp,*/*;q=0.8',
  'user-agent' => 'Mozilla/5.0 (Windows NT 6.1; WOW64) AppleWebKit/537.36 (KHTML, like Gecko) Chrome/53.0.2785.104 Safari/537.36 Core/1.53.3408.400 QQBrowser/9.6.12028.400',
  'upgrade-insecure-requests' => '1',
  'cache-control' => 'max-age=0',
  'connection' => 'keep-alive',
  'host' => 'local.wh.com',
  'content-length' => '',
  'content-type' => '',
)
[ info ] [ PARAM ] array (
)
[ info ] [ RUN ] app\admin\controller\Crontab->get_cache_wh_data[ G:\whsystem\application\admin\controller\Crontab.php ]
[ info ] [ LOG ] INIT File
---------------------------------------------------------------
[ 2017-01-01T23:13:05+08:00 ] 127.0.0.1 127.0.0.1 GET /admin/crontab/get_cache_wh_data
[ info ] local.wh.com/admin/crontab/get_cache_wh_data [运行时间：0.028002s][吞吐率：35.71req/s] [内存消耗：1,108.43kb] [文件加载：36]
[ info ] [ LANG ] G:\whsystem\thinkphp\lang\zh-cn.php
[ info ] [ ROUTE ] array (
  'type' => 'module',
  'module' => 
  array (
    0 => 'admin',
    1 => 'crontab',
    2 => 'get_cache_wh_data',
  ),
)
[ info ] [ HEADER ] array (
  'cookie' => 'PHPSESSID=j5ob2tulke5ii7upjovk99ro63; Hm_lvt_0ab4db557b96d841137861e0740d1e0a=1507555348,1507641749,1507732508,1507906052; Hm_lpvt_0ab4db557b96d841137861e0740d1e0a=1507906052; Hm_lvt_18784dd00dc1c9774528d08ae7943072=1507555349,1507641750,1507732513,1507906054; Hm_lpvt_18784dd00dc1c9774528d08ae7943072=1507906054',
  'accept-language' => 'zh-CN,zh;q=0.8',
  'accept-encoding' => 'gzip, deflate, sdch',
  'accept' => 'text/html,application/xhtml+xml,application/xml;q=0.9,image/webp,*/*;q=0.8',
  'user-agent' => 'Mozilla/5.0 (Windows NT 6.1; WOW64) AppleWebKit/537.36 (KHTML, like Gecko) Chrome/53.0.2785.104 Safari/537.36 Core/1.53.3408.400 QQBrowser/9.6.12028.400',
  'upgrade-insecure-requests' => '1',
  'cache-control' => 'max-age=0',
  'connection' => 'keep-alive',
  'host' => 'local.wh.com',
  'content-length' => '',
  'content-type' => '',
)
[ info ] [ PARAM ] array (
)
[ info ] [ RUN ] app\admin\controller\Crontab->get_cache_wh_data[ G:\whsystem\application\admin\controller\Crontab.php ]
[ info ] [ LOG ] INIT File
---------------------------------------------------------------
[ 2017-01-01T23:13:25+08:00 ] 127.0.0.1 127.0.0.1 GET /admin/crontab/get_cache_wh_data
[ info ] local.wh.com/admin/crontab/get_cache_wh_data [运行时间：0.028002s][吞吐率：35.71req/s] [内存消耗：1,107.93kb] [文件加载：36]
[ info ] [ LANG ] G:\whsystem\thinkphp\lang\zh-cn.php
[ info ] [ ROUTE ] array (
  'type' => 'module',
  'module' => 
  array (
    0 => 'admin',
    1 => 'crontab',
    2 => 'get_cache_wh_data',
  ),
)
[ info ] [ HEADER ] array (
  'cookie' => 'PHPSESSID=j5ob2tulke5ii7upjovk99ro63; Hm_lvt_0ab4db557b96d841137861e0740d1e0a=1507555348,1507641749,1507732508,1507906052; Hm_lpvt_0ab4db557b96d841137861e0740d1e0a=1507906052; Hm_lvt_18784dd00dc1c9774528d08ae7943072=1507555349,1507641750,1507732513,1507906054; Hm_lpvt_18784dd00dc1c9774528d08ae7943072=1507906054',
  'accept-language' => 'zh-CN,zh;q=0.8',
  'accept-encoding' => 'gzip, deflate, sdch',
  'accept' => 'text/html,application/xhtml+xml,application/xml;q=0.9,image/webp,*/*;q=0.8',
  'user-agent' => 'Mozilla/5.0 (Windows NT 6.1; WOW64) AppleWebKit/537.36 (KHTML, like Gecko) Chrome/53.0.2785.104 Safari/537.36 Core/1.53.3408.400 QQBrowser/9.6.12028.400',
  'upgrade-insecure-requests' => '1',
  'cache-control' => 'no-cache',
  'pragma' => 'no-cache',
  'connection' => 'keep-alive',
  'host' => 'local.wh.com',
  'content-length' => '',
  'content-type' => '',
)
[ info ] [ PARAM ] array (
)
[ info ] [ RUN ] app\admin\controller\Crontab->get_cache_wh_data[ G:\whsystem\application\admin\controller\Crontab.php ]
[ info ] [ LOG ] INIT File
---------------------------------------------------------------
[ 2017-01-01T23:16:59+08:00 ] 127.0.0.1 127.0.0.1 GET /admin/crontab/auto_get
[ info ] local.wh.com/admin/crontab/auto_get [运行时间：1.845105s][吞吐率：0.54req/s] [内存消耗：1,241.05kb] [文件加载：41]
[ info ] [ LANG ] G:\whsystem\thinkphp\lang\zh-cn.php
[ info ] [ ROUTE ] array (
  'type' => 'module',
  'module' => 
  array (
    0 => 'admin',
    1 => 'crontab',
    2 => 'auto_get',
  ),
)
[ info ] [ HEADER ] array (
  'cookie' => 'PHPSESSID=j5ob2tulke5ii7upjovk99ro63; Hm_lvt_0ab4db557b96d841137861e0740d1e0a=1507555348,1507641749,1507732508,1507906052; Hm_lpvt_0ab4db557b96d841137861e0740d1e0a=1507906052; Hm_lvt_18784dd00dc1c9774528d08ae7943072=1507555349,1507641750,1507732513,1507906054; Hm_lpvt_18784dd00dc1c9774528d08ae7943072=1507906054',
  'accept-language' => 'zh-CN,zh;q=0.8',
  'accept-encoding' => 'gzip, deflate, sdch',
  'accept' => 'text/html,application/xhtml+xml,application/xml;q=0.9,image/webp,*/*;q=0.8',
  'user-agent' => 'Mozilla/5.0 (Windows NT 6.1; WOW64) AppleWebKit/537.36 (KHTML, like Gecko) Chrome/53.0.2785.104 Safari/537.36 Core/1.53.3408.400 QQBrowser/9.6.12028.400',
  'upgrade-insecure-requests' => '1',
  'connection' => 'keep-alive',
  'host' => 'local.wh.com',
  'content-length' => '',
  'content-type' => '',
)
[ info ] [ PARAM ] array (
)
[ info ] [ RUN ] app\admin\controller\Crontab->auto_get[ G:\whsystem\application\admin\controller\Crontab.php ]
[ info ] [ CACHE ] INIT File
[ info ] [ LOG ] INIT File
---------------------------------------------------------------
[ 2017-01-01T23:18:47+08:00 ] 127.0.0.1 127.0.0.1 GET /admin/crontab/auto_get
[ info ] local.wh.com/admin/crontab/auto_get [运行时间：1.791102s][吞吐率：0.56req/s] [内存消耗：1,241.26kb] [文件加载：41]
[ info ] [ LANG ] G:\whsystem\thinkphp\lang\zh-cn.php
[ info ] [ ROUTE ] array (
  'type' => 'module',
  'module' => 
  array (
    0 => 'admin',
    1 => 'crontab',
    2 => 'auto_get',
  ),
)
[ info ] [ HEADER ] array (
  'cookie' => 'PHPSESSID=j5ob2tulke5ii7upjovk99ro63; Hm_lvt_0ab4db557b96d841137861e0740d1e0a=1507555348,1507641749,1507732508,1507906052; Hm_lpvt_0ab4db557b96d841137861e0740d1e0a=1507906052; Hm_lvt_18784dd00dc1c9774528d08ae7943072=1507555349,1507641750,1507732513,1507906054; Hm_lpvt_18784dd00dc1c9774528d08ae7943072=1507906054',
  'accept-language' => 'zh-CN,zh;q=0.8',
  'accept-encoding' => 'gzip, deflate, sdch',
  'accept' => 'text/html,application/xhtml+xml,application/xml;q=0.9,image/webp,*/*;q=0.8',
  'user-agent' => 'Mozilla/5.0 (Windows NT 6.1; WOW64) AppleWebKit/537.36 (KHTML, like Gecko) Chrome/53.0.2785.104 Safari/537.36 Core/1.53.3408.400 QQBrowser/9.6.12028.400',
  'upgrade-insecure-requests' => '1',
  'cache-control' => 'max-age=0',
  'connection' => 'keep-alive',
  'host' => 'local.wh.com',
  'content-length' => '',
  'content-type' => '',
)
[ info ] [ PARAM ] array (
)
[ info ] [ RUN ] app\admin\controller\Crontab->auto_get[ G:\whsystem\application\admin\controller\Crontab.php ]
[ info ] [ CACHE ] INIT File
[ info ] [ LOG ] INIT File
