---------------------------------------------------------------
[ 2017-01-02T23:19:31+08:00 ] 127.0.0.1 127.0.0.1 GET /admin/crontab/auto_get
[ info ] local.wh.com/admin/crontab/auto_get [运行时间：2.060117s][吞吐率：0.49req/s] [内存消耗：1,241.25kb] [文件加载：41]
[ info ] [ LANG ] G:\whsystem\thinkphp\lang\zh-cn.php
[ info ] [ ROUTE ] array (
  'type' => 'module',
  'module' => 
  array (
    0 => 'admin',
    1 => 'crontab',
    2 => 'auto_get',
  ),
)
[ info ] [ HEADER ] array (
  'cookie' => 'PHPSESSID=j5ob2tulke5ii7upjovk99ro63; Hm_lvt_0ab4db557b96d841137861e0740d1e0a=1507555348,1507641749,1507732508,1507906052; Hm_lpvt_0ab4db557b96d841137861e0740d1e0a=1507906052; Hm_lvt_18784dd00dc1c9774528d08ae7943072=1507555349,1507641750,1507732513,1507906054; Hm_lpvt_18784dd00dc1c9774528d08ae7943072=1507906054',
  'accept-language' => 'zh-CN,zh;q=0.8',
  'accept-encoding' => 'gzip, deflate, sdch',
  'accept' => 'text/html,application/xhtml+xml,application/xml;q=0.9,image/webp,*/*;q=0.8',
  'user-agent' => 'Mozilla/5.0 (Windows NT 6.1; WOW64) AppleWebKit/537.36 (KHTML, like Gecko) Chrome/53.0.2785.104 Safari/537.36 Core/1.53.3408.400 QQBrowser/9.6.12028.400',
  'upgrade-insecure-requests' => '1',
  'cache-control' => 'max-age=0',
  'connection' => 'keep-alive',
  'host' => 'local.wh.com',
  'content-length' => '',
  'content-type' => '',
)
[ info ] [ PARAM ] array (
)
[ info ] [ RUN ] app\admin\controller\Crontab->auto_get[ G:\whsystem\application\admin\controller\Crontab.php ]
[ info ] [ CACHE ] INIT File
[ info ] [ LOG ] INIT File
---------------------------------------------------------------
[ 2017-01-02T23:19:53+08:00 ] 127.0.0.1 127.0.0.1 GET /admin/crontab/auto_get
[ info ] local.wh.com/admin/crontab/auto_get [运行时间：3.142179s][吞吐率：0.32req/s] [内存消耗：1,241.26kb] [文件加载：41]
[ info ] [ LANG ] G:\whsystem\thinkphp\lang\zh-cn.php
[ info ] [ ROUTE ] array (
  'type' => 'module',
  'module' => 
  array (
    0 => 'admin',
    1 => 'crontab',
    2 => 'auto_get',
  ),
)
[ info ] [ HEADER ] array (
  'cookie' => 'PHPSESSID=j5ob2tulke5ii7upjovk99ro63; Hm_lvt_0ab4db557b96d841137861e0740d1e0a=1507555348,1507641749,1507732508,1507906052; Hm_lpvt_0ab4db557b96d841137861e0740d1e0a=1507906052; Hm_lvt_18784dd00dc1c9774528d08ae7943072=1507555349,1507641750,1507732513,1507906054; Hm_lpvt_18784dd00dc1c9774528d08ae7943072=1507906054',
  'accept-language' => 'zh-CN,zh;q=0.8',
  'accept-encoding' => 'gzip, deflate, sdch',
  'accept' => 'text/html,application/xhtml+xml,application/xml;q=0.9,image/webp,*/*;q=0.8',
  'user-agent' => 'Mozilla/5.0 (Windows NT 6.1; WOW64) AppleWebKit/537.36 (KHTML, like Gecko) Chrome/53.0.2785.104 Safari/537.36 Core/1.53.3408.400 QQBrowser/9.6.12028.400',
  'upgrade-insecure-requests' => '1',
  'cache-control' => 'max-age=0',
  'connection' => 'keep-alive',
  'host' => 'local.wh.com',
  'content-length' => '',
  'content-type' => '',
)
[ info ] [ PARAM ] array (
)
[ info ] [ RUN ] app\admin\controller\Crontab->auto_get[ G:\whsystem\application\admin\controller\Crontab.php ]
[ info ] [ CACHE ] INIT File
[ info ] [ LOG ] INIT File
---------------------------------------------------------------
[ 2017-01-02T23:21:36+08:00 ] 127.0.0.1 127.0.0.1 GET /admin/crontab/get_cache_wh_data/currency/USDCNY
[ info ] local.wh.com/admin/crontab/get_cache_wh_data/currency/USDCNY [运行时间：0.140008s][吞吐率：7.14req/s] [内存消耗：1,265.15kb] [文件加载：42]
[ info ] [ LANG ] G:\whsystem\thinkphp\lang\zh-cn.php
[ info ] [ ROUTE ] array (
  'type' => 'module',
  'module' => 
  array (
    0 => 'admin',
    1 => 'crontab',
    2 => 'get_cache_wh_data',
  ),
)
[ info ] [ HEADER ] array (
  'cookie' => 'PHPSESSID=j5ob2tulke5ii7upjovk99ro63; Hm_lvt_0ab4db557b96d841137861e0740d1e0a=1507555348,1507641749,1507732508,1507906052; Hm_lpvt_0ab4db557b96d841137861e0740d1e0a=1507906052; Hm_lvt_18784dd00dc1c9774528d08ae7943072=1507555349,1507641750,1507732513,1507906054; Hm_lpvt_18784dd00dc1c9774528d08ae7943072=1507906054',
  'accept-language' => 'zh-CN,zh;q=0.8',
  'accept-encoding' => 'gzip, deflate, sdch',
  'accept' => 'text/html,application/xhtml+xml,application/xml;q=0.9,image/webp,*/*;q=0.8',
  'user-agent' => 'Mozilla/5.0 (Windows NT 6.1; WOW64) AppleWebKit/537.36 (KHTML, like Gecko) Chrome/53.0.2785.104 Safari/537.36 Core/1.53.3408.400 QQBrowser/9.6.12028.400',
  'upgrade-insecure-requests' => '1',
  'connection' => 'keep-alive',
  'host' => 'local.wh.com',
  'content-length' => '',
  'content-type' => '',
)
[ info ] [ PARAM ] array (
  'currency' => 'USDCNY',
)
[ info ] [ RUN ] app\admin\controller\Crontab->get_cache_wh_data[ G:\whsystem\application\admin\controller\Crontab.php ]
[ info ] [ CACHE ] INIT File
[ info ] [ LOG ] INIT File
---------------------------------------------------------------
[ 2017-01-02T23:22:05+08:00 ] 127.0.0.1 127.0.0.1 GET /admin/crontab/get_cache_wh_data/currency/USDCNY
[ info ] local.wh.com/admin/crontab/get_cache_wh_data/currency/USDCNY [运行时间：0.040003s][吞吐率：25.00req/s] [内存消耗：1,265.44kb] [文件加载：42]
[ info ] [ LANG ] G:\whsystem\thinkphp\lang\zh-cn.php
[ info ] [ ROUTE ] array (
  'type' => 'module',
  'module' => 
  array (
    0 => 'admin',
    1 => 'crontab',
    2 => 'get_cache_wh_data',
  ),
)
[ info ] [ HEADER ] array (
  'cookie' => 'PHPSESSID=j5ob2tulke5ii7upjovk99ro63; Hm_lvt_0ab4db557b96d841137861e0740d1e0a=1507555348,1507641749,1507732508,1507906052; Hm_lpvt_0ab4db557b96d841137861e0740d1e0a=1507906052; Hm_lvt_18784dd00dc1c9774528d08ae7943072=1507555349,1507641750,1507732513,1507906054; Hm_lpvt_18784dd00dc1c9774528d08ae7943072=1507906054',
  'accept-language' => 'zh-CN,zh;q=0.8',
  'accept-encoding' => 'gzip, deflate, sdch',
  'accept' => 'text/html,application/xhtml+xml,application/xml;q=0.9,image/webp,*/*;q=0.8',
  'user-agent' => 'Mozilla/5.0 (Windows NT 6.1; WOW64) AppleWebKit/537.36 (KHTML, like Gecko) Chrome/53.0.2785.104 Safari/537.36 Core/1.53.3408.400 QQBrowser/9.6.12028.400',
  'upgrade-insecure-requests' => '1',
  'cache-control' => 'max-age=0',
  'connection' => 'keep-alive',
  'host' => 'local.wh.com',
  'content-length' => '',
  'content-type' => '',
)
[ info ] [ PARAM ] array (
  'currency' => 'USDCNY',
)
[ info ] [ RUN ] app\admin\controller\Crontab->get_cache_wh_data[ G:\whsystem\application\admin\controller\Crontab.php ]
[ info ] [ CACHE ] INIT File
[ info ] [ LOG ] INIT File
---------------------------------------------------------------
[ 2017-01-02T23:23:08+08:00 ] 127.0.0.1 127.0.0.1 GET /admin/crontab/get_cache_wh_data/currency/http://local.wh.com/admin/crontab/get_cache_wh_data/currency/USDCNY
[ info ] local.wh.com/admin/crontab/get_cache_wh_data/currency/http://local.wh.com/admin/crontab/get_cache_wh_data/currency/USDCNY [运行时间：0.041002s][吞吐率：24.39req/s] [内存消耗：1,265.80kb] [文件加载：42]
[ info ] [ LANG ] G:\whsystem\thinkphp\lang\zh-cn.php
[ info ] [ ROUTE ] array (
  'type' => 'module',
  'module' => 
  array (
    0 => 'admin',
    1 => 'crontab',
    2 => 'get_cache_wh_data',
  ),
)
[ info ] [ HEADER ] array (
  'cookie' => 'PHPSESSID=j5ob2tulke5ii7upjovk99ro63; Hm_lvt_0ab4db557b96d841137861e0740d1e0a=1507555348,1507641749,1507732508,1507906052; Hm_lpvt_0ab4db557b96d841137861e0740d1e0a=1507906052; Hm_lvt_18784dd00dc1c9774528d08ae7943072=1507555349,1507641750,1507732513,1507906054; Hm_lpvt_18784dd00dc1c9774528d08ae7943072=1507906054',
  'accept-language' => 'zh-CN,zh;q=0.8',
  'accept-encoding' => 'gzip, deflate, sdch',
  'accept' => 'text/html,application/xhtml+xml,application/xml;q=0.9,image/webp,*/*;q=0.8',
  'user-agent' => 'Mozilla/5.0 (Windows NT 6.1; WOW64) AppleWebKit/537.36 (KHTML, like Gecko) Chrome/53.0.2785.104 Safari/537.36 Core/1.53.3408.400 QQBrowser/9.6.12028.400',
  'upgrade-insecure-requests' => '1',
  'connection' => 'keep-alive',
  'host' => 'local.wh.com',
  'content-length' => '',
  'content-type' => '',
)
[ info ] [ PARAM ] array (
  'currency' => 'USDCNY',
  'com' => 'admin',
  'crontab' => 'get_cache_wh_data',
)
[ info ] [ RUN ] app\admin\controller\Crontab->get_cache_wh_data[ G:\whsystem\application\admin\controller\Crontab.php ]
[ info ] [ CACHE ] INIT File
[ info ] [ LOG ] INIT File
---------------------------------------------------------------
[ 2017-01-02T23:23:32+08:00 ] 127.0.0.1 127.0.0.1 GET /admin/crontab/get_cache_wh_data/currency/AUDHKD
[ info ] local.wh.com/admin/crontab/get_cache_wh_data/currency/AUDHKD [运行时间：0.065004s][吞吐率：15.38req/s] [内存消耗：1,265.15kb] [文件加载：42]
[ info ] [ LANG ] G:\whsystem\thinkphp\lang\zh-cn.php
[ info ] [ ROUTE ] array (
  'type' => 'module',
  'module' => 
  array (
    0 => 'admin',
    1 => 'crontab',
    2 => 'get_cache_wh_data',
  ),
)
[ info ] [ HEADER ] array (
  'cookie' => 'PHPSESSID=j5ob2tulke5ii7upjovk99ro63; Hm_lvt_0ab4db557b96d841137861e0740d1e0a=1507555348,1507641749,1507732508,1507906052; Hm_lpvt_0ab4db557b96d841137861e0740d1e0a=1507906052; Hm_lvt_18784dd00dc1c9774528d08ae7943072=1507555349,1507641750,1507732513,1507906054; Hm_lpvt_18784dd00dc1c9774528d08ae7943072=1507906054',
  'accept-language' => 'zh-CN,zh;q=0.8',
  'accept-encoding' => 'gzip, deflate, sdch',
  'accept' => 'text/html,application/xhtml+xml,application/xml;q=0.9,image/webp,*/*;q=0.8',
  'user-agent' => 'Mozilla/5.0 (Windows NT 6.1; WOW64) AppleWebKit/537.36 (KHTML, like Gecko) Chrome/53.0.2785.104 Safari/537.36 Core/1.53.3408.400 QQBrowser/9.6.12028.400',
  'upgrade-insecure-requests' => '1',
  'connection' => 'keep-alive',
  'host' => 'local.wh.com',
  'content-length' => '',
  'content-type' => '',
)
[ info ] [ PARAM ] array (
  'currency' => 'AUDHKD',
)
[ info ] [ RUN ] app\admin\controller\Crontab->get_cache_wh_data[ G:\whsystem\application\admin\controller\Crontab.php ]
[ info ] [ CACHE ] INIT File
[ info ] [ LOG ] INIT File
---------------------------------------------------------------
[ 2017-01-02T23:23:33+08:00 ] 127.0.0.1 127.0.0.1 GET /admin/crontab/get_cache_wh_data/currency/AUDHKD
[ info ] local.wh.com/admin/crontab/get_cache_wh_data/currency/AUDHKD [运行时间：0.040003s][吞吐率：25.00req/s] [内存消耗：1,265.44kb] [文件加载：42]
[ info ] [ LANG ] G:\whsystem\thinkphp\lang\zh-cn.php
[ info ] [ ROUTE ] array (
  'type' => 'module',
  'module' => 
  array (
    0 => 'admin',
    1 => 'crontab',
    2 => 'get_cache_wh_data',
  ),
)
[ info ] [ HEADER ] array (
  'cookie' => 'PHPSESSID=j5ob2tulke5ii7upjovk99ro63; Hm_lvt_0ab4db557b96d841137861e0740d1e0a=1507555348,1507641749,1507732508,1507906052; Hm_lpvt_0ab4db557b96d841137861e0740d1e0a=1507906052; Hm_lvt_18784dd00dc1c9774528d08ae7943072=1507555349,1507641750,1507732513,1507906054; Hm_lpvt_18784dd00dc1c9774528d08ae7943072=1507906054',
  'accept-language' => 'zh-CN,zh;q=0.8',
  'accept-encoding' => 'gzip, deflate, sdch',
  'accept' => 'text/html,application/xhtml+xml,application/xml;q=0.9,image/webp,*/*;q=0.8',
  'user-agent' => 'Mozilla/5.0 (Windows NT 6.1; WOW64) AppleWebKit/537.36 (KHTML, like Gecko) Chrome/53.0.2785.104 Safari/537.36 Core/1.53.3408.400 QQBrowser/9.6.12028.400',
  'upgrade-insecure-requests' => '1',
  'cache-control' => 'max-age=0',
  'connection' => 'keep-alive',
  'host' => 'local.wh.com',
  'content-length' => '',
  'content-type' => '',
)
[ info ] [ PARAM ] array (
  'currency' => 'AUDHKD',
)
[ info ] [ RUN ] app\admin\controller\Crontab->get_cache_wh_data[ G:\whsystem\application\admin\controller\Crontab.php ]
[ info ] [ CACHE ] INIT File
[ info ] [ LOG ] INIT File
---------------------------------------------------------------
[ 2017-01-02T23:24:47+08:00 ] 127.0.0.1 127.0.0.1 GET /admin/crontab/get_cache_wh_data/currency/AUDHKD
[ info ] local.wh.com/admin/crontab/get_cache_wh_data/currency/AUDHKD [运行时间：0.035002s][吞吐率：28.57req/s] [内存消耗：1,201.66kb] [文件加载：40]
[ info ] [ LANG ] G:\whsystem\thinkphp\lang\zh-cn.php
[ info ] [ ROUTE ] array (
  'type' => 'module',
  'module' => 
  array (
    0 => 'admin',
    1 => 'crontab',
    2 => 'get_cache_wh_data',
  ),
)
[ info ] [ HEADER ] array (
  'cookie' => 'PHPSESSID=j5ob2tulke5ii7upjovk99ro63; Hm_lvt_0ab4db557b96d841137861e0740d1e0a=1507555348,1507641749,1507732508,1507906052; Hm_lpvt_0ab4db557b96d841137861e0740d1e0a=1507906052; Hm_lvt_18784dd00dc1c9774528d08ae7943072=1507555349,1507641750,1507732513,1507906054; Hm_lpvt_18784dd00dc1c9774528d08ae7943072=1507906054',
  'accept-language' => 'zh-CN,zh;q=0.8',
  'accept-encoding' => 'gzip, deflate, sdch',
  'accept' => 'text/html,application/xhtml+xml,application/xml;q=0.9,image/webp,*/*;q=0.8',
  'user-agent' => 'Mozilla/5.0 (Windows NT 6.1; WOW64) AppleWebKit/537.36 (KHTML, like Gecko) Chrome/53.0.2785.104 Safari/537.36 Core/1.53.3408.400 QQBrowser/9.6.12028.400',
  'upgrade-insecure-requests' => '1',
  'cache-control' => 'max-age=0',
  'connection' => 'keep-alive',
  'host' => 'local.wh.com',
  'content-length' => '',
  'content-type' => '',
)
[ info ] [ PARAM ] array (
  'currency' => 'AUDHKD',
)
[ info ] [ RUN ] app\admin\controller\Crontab->get_cache_wh_data[ G:\whsystem\application\admin\controller\Crontab.php ]
[ info ] [ CACHE ] INIT File
[ info ] [ LOG ] INIT File
---------------------------------------------------------------
[ 2017-01-02T23:30:18+08:00 ] 127.0.0.1 127.0.0.1 GET /admin/crontab/get_cache_wh_data/currency/AUDHKD
[ info ] local.wh.com/admin/crontab/get_cache_wh_data/currency/AUDHKD [运行时间：0.040002s][吞吐率：25.00req/s] [内存消耗：1,176.68kb] [文件加载：39]
[ info ] [ LANG ] G:\whsystem\thinkphp\lang\zh-cn.php
[ info ] [ ROUTE ] array (
  'type' => 'module',
  'module' => 
  array (
    0 => 'admin',
    1 => 'crontab',
    2 => 'get_cache_wh_data',
  ),
)
[ info ] [ HEADER ] array (
  'cookie' => 'PHPSESSID=j5ob2tulke5ii7upjovk99ro63; Hm_lvt_0ab4db557b96d841137861e0740d1e0a=1507555348,1507641749,1507732508,1507906052; Hm_lpvt_0ab4db557b96d841137861e0740d1e0a=1507906052; Hm_lvt_18784dd00dc1c9774528d08ae7943072=1507555349,1507641750,1507732513,1507906054; Hm_lpvt_18784dd00dc1c9774528d08ae7943072=1507906054',
  'accept-language' => 'zh-CN,zh;q=0.8',
  'accept-encoding' => 'gzip, deflate, sdch',
  'accept' => 'text/html,application/xhtml+xml,application/xml;q=0.9,image/webp,*/*;q=0.8',
  'user-agent' => 'Mozilla/5.0 (Windows NT 6.1; WOW64) AppleWebKit/537.36 (KHTML, like Gecko) Chrome/53.0.2785.104 Safari/537.36 Core/1.53.3408.400 QQBrowser/9.6.12028.400',
  'upgrade-insecure-requests' => '1',
  'cache-control' => 'max-age=0',
  'connection' => 'keep-alive',
  'host' => 'local.wh.com',
  'content-length' => '',
  'content-type' => '',
)
[ info ] [ PARAM ] array (
  'currency' => 'AUDHKD',
)
[ info ] [ RUN ] app\admin\controller\Crontab->get_cache_wh_data[ G:\whsystem\application\admin\controller\Crontab.php ]
[ info ] [ CACHE ] INIT File
[ info ] [ LOG ] INIT File
---------------------------------------------------------------
[ 2017-01-02T23:30:51+08:00 ] 127.0.0.1 127.0.0.1 GET /admin/crontab/get_cache_wh_data
[ info ] local.wh.com/admin/crontab/get_cache_wh_data [运行时间：0.037002s][吞吐率：27.03req/s] [内存消耗：1,192.98kb] [文件加载：40]
[ info ] [ LANG ] G:\whsystem\thinkphp\lang\zh-cn.php
[ info ] [ ROUTE ] array (
  'type' => 'module',
  'module' => 
  array (
    0 => 'admin',
    1 => 'crontab',
    2 => 'get_cache_wh_data',
  ),
)
[ info ] [ HEADER ] array (
  'cookie' => 'PHPSESSID=j5ob2tulke5ii7upjovk99ro63; Hm_lvt_0ab4db557b96d841137861e0740d1e0a=1507555348,1507641749,1507732508,1507906052; Hm_lpvt_0ab4db557b96d841137861e0740d1e0a=1507906052; Hm_lvt_18784dd00dc1c9774528d08ae7943072=1507555349,1507641750,1507732513,1507906054; Hm_lpvt_18784dd00dc1c9774528d08ae7943072=1507906054',
  'accept-language' => 'zh-CN,zh;q=0.8',
  'accept-encoding' => 'gzip, deflate, sdch',
  'accept' => 'text/html,application/xhtml+xml,application/xml;q=0.9,image/webp,*/*;q=0.8',
  'user-agent' => 'Mozilla/5.0 (Windows NT 6.1; WOW64) AppleWebKit/537.36 (KHTML, like Gecko) Chrome/53.0.2785.104 Safari/537.36 Core/1.53.3408.400 QQBrowser/9.6.12028.400',
  'upgrade-insecure-requests' => '1',
  'connection' => 'keep-alive',
  'host' => 'local.wh.com',
  'content-length' => '',
  'content-type' => '',
)
[ info ] [ PARAM ] array (
)
[ info ] [ LOG ] INIT File
[ error ] [0]方法参数错误:currency[G:\whsystem\thinkphp\library\think\App.php:282]
---------------------------------------------------------------
[ 2017-01-02T23:31:19+08:00 ] 127.0.0.1 127.0.0.1 GET /admin/crontab/auto_get
[ info ] local.wh.com/admin/crontab/auto_get [运行时间：2.019115s][吞吐率：0.50req/s] [内存消耗：1,241.07kb] [文件加载：41]
[ info ] [ LANG ] G:\whsystem\thinkphp\lang\zh-cn.php
[ info ] [ ROUTE ] array (
  'type' => 'module',
  'module' => 
  array (
    0 => 'admin',
    1 => 'crontab',
    2 => 'auto_get',
  ),
)
[ info ] [ HEADER ] array (
  'cookie' => 'PHPSESSID=j5ob2tulke5ii7upjovk99ro63; Hm_lvt_0ab4db557b96d841137861e0740d1e0a=1507555348,1507641749,1507732508,1507906052; Hm_lpvt_0ab4db557b96d841137861e0740d1e0a=1507906052; Hm_lvt_18784dd00dc1c9774528d08ae7943072=1507555349,1507641750,1507732513,1507906054; Hm_lpvt_18784dd00dc1c9774528d08ae7943072=1507906054',
  'accept-language' => 'zh-CN,zh;q=0.8',
  'accept-encoding' => 'gzip, deflate, sdch',
  'accept' => 'text/html,application/xhtml+xml,application/xml;q=0.9,image/webp,*/*;q=0.8',
  'user-agent' => 'Mozilla/5.0 (Windows NT 6.1; WOW64) AppleWebKit/537.36 (KHTML, like Gecko) Chrome/53.0.2785.104 Safari/537.36 Core/1.53.3408.400 QQBrowser/9.6.12028.400',
  'upgrade-insecure-requests' => '1',
  'connection' => 'keep-alive',
  'host' => 'local.wh.com',
  'content-length' => '',
  'content-type' => '',
)
[ info ] [ PARAM ] array (
)
[ info ] [ RUN ] app\admin\controller\Crontab->auto_get[ G:\whsystem\application\admin\controller\Crontab.php ]
[ info ] [ CACHE ] INIT File
[ info ] [ LOG ] INIT File
---------------------------------------------------------------
[ 2017-01-02T23:31:30+08:00 ] 127.0.0.1 127.0.0.1 GET /admin/crontab/auto_get
[ info ] local.wh.com/admin/crontab/auto_get [运行时间：2.055117s][吞吐率：0.49req/s] [内存消耗：1,241.31kb] [文件加载：41]
[ info ] [ LANG ] G:\whsystem\thinkphp\lang\zh-cn.php
[ info ] [ ROUTE ] array (
  'type' => 'module',
  'module' => 
  array (
    0 => 'admin',
    1 => 'crontab',
    2 => 'auto_get',
  ),
)
[ info ] [ HEADER ] array (
  'cookie' => 'PHPSESSID=j5ob2tulke5ii7upjovk99ro63; Hm_lvt_0ab4db557b96d841137861e0740d1e0a=1507555348,1507641749,1507732508,1507906052; Hm_lpvt_0ab4db557b96d841137861e0740d1e0a=1507906052; Hm_lvt_18784dd00dc1c9774528d08ae7943072=1507555349,1507641750,1507732513,1507906054; Hm_lpvt_18784dd00dc1c9774528d08ae7943072=1507906054',
  'accept-language' => 'zh-CN,zh;q=0.8',
  'accept-encoding' => 'gzip, deflate, sdch',
  'accept' => 'text/html,application/xhtml+xml,application/xml;q=0.9,image/webp,*/*;q=0.8',
  'user-agent' => 'Mozilla/5.0 (Windows NT 6.1; WOW64) AppleWebKit/537.36 (KHTML, like Gecko) Chrome/53.0.2785.104 Safari/537.36 Core/1.53.3408.400 QQBrowser/9.6.12028.400',
  'upgrade-insecure-requests' => '1',
  'cache-control' => 'max-age=0',
  'connection' => 'keep-alive',
  'host' => 'local.wh.com',
  'content-length' => '',
  'content-type' => '',
)
[ info ] [ PARAM ] array (
)
[ info ] [ RUN ] app\admin\controller\Crontab->auto_get[ G:\whsystem\application\admin\controller\Crontab.php ]
[ info ] [ CACHE ] INIT File
[ info ] [ LOG ] INIT File
---------------------------------------------------------------
[ 2017-01-02T23:31:39+08:00 ] 127.0.0.1 127.0.0.1 GET /admin/crontab/auto_get
[ info ] local.wh.com/admin/crontab/auto_get [运行时间：2.003114s][吞吐率：0.50req/s] [内存消耗：1,241.34kb] [文件加载：41]
[ info ] [ LANG ] G:\whsystem\thinkphp\lang\zh-cn.php
[ info ] [ ROUTE ] array (
  'type' => 'module',
  'module' => 
  array (
    0 => 'admin',
    1 => 'crontab',
    2 => 'auto_get',
  ),
)
[ info ] [ HEADER ] array (
  'cookie' => 'PHPSESSID=j5ob2tulke5ii7upjovk99ro63; Hm_lvt_0ab4db557b96d841137861e0740d1e0a=1507555348,1507641749,1507732508,1507906052; Hm_lpvt_0ab4db557b96d841137861e0740d1e0a=1507906052; Hm_lvt_18784dd00dc1c9774528d08ae7943072=1507555349,1507641750,1507732513,1507906054; Hm_lpvt_18784dd00dc1c9774528d08ae7943072=1507906054',
  'accept-language' => 'zh-CN,zh;q=0.8',
  'accept-encoding' => 'gzip, deflate, sdch',
  'accept' => 'text/html,application/xhtml+xml,application/xml;q=0.9,image/webp,*/*;q=0.8',
  'user-agent' => 'Mozilla/5.0 (Windows NT 6.1; WOW64) AppleWebKit/537.36 (KHTML, like Gecko) Chrome/53.0.2785.104 Safari/537.36 Core/1.53.3408.400 QQBrowser/9.6.12028.400',
  'upgrade-insecure-requests' => '1',
  'cache-control' => 'max-age=0',
  'connection' => 'keep-alive',
  'host' => 'local.wh.com',
  'content-length' => '',
  'content-type' => '',
)
[ info ] [ PARAM ] array (
)
[ info ] [ RUN ] app\admin\controller\Crontab->auto_get[ G:\whsystem\application\admin\controller\Crontab.php ]
[ info ] [ CACHE ] INIT File
[ info ] [ LOG ] INIT File
---------------------------------------------------------------
[ 2017-01-02T23:31:44+08:00 ] 127.0.0.1 127.0.0.1 GET /admin/crontab/get_cache_wh_data/currency/AUDHKD
[ info ] local.wh.com/admin/crontab/get_cache_wh_data/currency/AUDHKD [运行时间：0.042003s][吞吐率：23.81req/s] [内存消耗：1,201.73kb] [文件加载：40]
[ info ] [ LANG ] G:\whsystem\thinkphp\lang\zh-cn.php
[ info ] [ ROUTE ] array (
  'type' => 'module',
  'module' => 
  array (
    0 => 'admin',
    1 => 'crontab',
    2 => 'get_cache_wh_data',
  ),
)
[ info ] [ HEADER ] array (
  'cookie' => 'PHPSESSID=j5ob2tulke5ii7upjovk99ro63; Hm_lvt_0ab4db557b96d841137861e0740d1e0a=1507555348,1507641749,1507732508,1507906052; Hm_lpvt_0ab4db557b96d841137861e0740d1e0a=1507906052; Hm_lvt_18784dd00dc1c9774528d08ae7943072=1507555349,1507641750,1507732513,1507906054; Hm_lpvt_18784dd00dc1c9774528d08ae7943072=1507906054',
  'accept-language' => 'zh-CN,zh;q=0.8',
  'accept-encoding' => 'gzip, deflate, sdch',
  'accept' => 'text/html,application/xhtml+xml,application/xml;q=0.9,image/webp,*/*;q=0.8',
  'user-agent' => 'Mozilla/5.0 (Windows NT 6.1; WOW64) AppleWebKit/537.36 (KHTML, like Gecko) Chrome/53.0.2785.104 Safari/537.36 Core/1.53.3408.400 QQBrowser/9.6.12028.400',
  'upgrade-insecure-requests' => '1',
  'cache-control' => 'max-age=0',
  'connection' => 'keep-alive',
  'host' => 'local.wh.com',
  'content-length' => '',
  'content-type' => '',
)
[ info ] [ PARAM ] array (
  'currency' => 'AUDHKD',
)
[ info ] [ RUN ] app\admin\controller\Crontab->get_cache_wh_data[ G:\whsystem\application\admin\controller\Crontab.php ]
[ info ] [ CACHE ] INIT File
[ info ] [ LOG ] INIT File
---------------------------------------------------------------
[ 2017-01-02T23:37:04+08:00 ] 127.0.0.1 127.0.0.1 GET /admin/crontab/get_cache_wh_data/currency/AUDHKD
[ info ] local.wh.com/admin/crontab/get_cache_wh_data/currency/AUDHKD [运行时间：0.037002s][吞吐率：27.03req/s] [内存消耗：1,203.60kb] [文件加载：40]
[ info ] [ LANG ] G:\whsystem\thinkphp\lang\zh-cn.php
[ info ] [ ROUTE ] array (
  'type' => 'module',
  'module' => 
  array (
    0 => 'admin',
    1 => 'crontab',
    2 => 'get_cache_wh_data',
  ),
)
[ info ] [ HEADER ] array (
  'cookie' => 'PHPSESSID=j5ob2tulke5ii7upjovk99ro63; Hm_lvt_0ab4db557b96d841137861e0740d1e0a=1507555348,1507641749,1507732508,1507906052; Hm_lpvt_0ab4db557b96d841137861e0740d1e0a=1507906052; Hm_lvt_18784dd00dc1c9774528d08ae7943072=1507555349,1507641750,1507732513,1507906054; Hm_lpvt_18784dd00dc1c9774528d08ae7943072=1507906054',
  'accept-language' => 'zh-CN,zh;q=0.8',
  'accept-encoding' => 'gzip, deflate, sdch',
  'accept' => 'text/html,application/xhtml+xml,application/xml;q=0.9,image/webp,*/*;q=0.8',
  'user-agent' => 'Mozilla/5.0 (Windows NT 6.1; WOW64) AppleWebKit/537.36 (KHTML, like Gecko) Chrome/53.0.2785.104 Safari/537.36 Core/1.53.3408.400 QQBrowser/9.6.12028.400',
  'upgrade-insecure-requests' => '1',
  'cache-control' => 'max-age=0',
  'connection' => 'keep-alive',
  'host' => 'local.wh.com',
  'content-length' => '',
  'content-type' => '',
)
[ info ] [ PARAM ] array (
  'currency' => 'AUDHKD',
)
[ info ] [ RUN ] app\admin\controller\Crontab->get_cache_wh_data[ G:\whsystem\application\admin\controller\Crontab.php ]
[ info ] [ CACHE ] INIT File
[ info ] [ LOG ] INIT File
---------------------------------------------------------------
[ 2017-01-02T23:38:12+08:00 ] 127.0.0.1 127.0.0.1 GET /admin/crontab/auto_get
[ info ] local.wh.com/admin/crontab/auto_get [运行时间：1.929110s][吞吐率：0.52req/s] [内存消耗：1,241.29kb] [文件加载：41]
[ info ] [ LANG ] G:\whsystem\thinkphp\lang\zh-cn.php
[ info ] [ ROUTE ] array (
  'type' => 'module',
  'module' => 
  array (
    0 => 'admin',
    1 => 'crontab',
    2 => 'auto_get',
  ),
)
[ info ] [ HEADER ] array (
  'cookie' => 'PHPSESSID=j5ob2tulke5ii7upjovk99ro63; Hm_lvt_0ab4db557b96d841137861e0740d1e0a=1507555348,1507641749,1507732508,1507906052; Hm_lpvt_0ab4db557b96d841137861e0740d1e0a=1507906052; Hm_lvt_18784dd00dc1c9774528d08ae7943072=1507555349,1507641750,1507732513,1507906054; Hm_lpvt_18784dd00dc1c9774528d08ae7943072=1507906054',
  'accept-language' => 'zh-CN,zh;q=0.8',
  'accept-encoding' => 'gzip, deflate, sdch',
  'accept' => 'text/html,application/xhtml+xml,application/xml;q=0.9,image/webp,*/*;q=0.8',
  'user-agent' => 'Mozilla/5.0 (Windows NT 6.1; WOW64) AppleWebKit/537.36 (KHTML, like Gecko) Chrome/53.0.2785.104 Safari/537.36 Core/1.53.3408.400 QQBrowser/9.6.12028.400',
  'upgrade-insecure-requests' => '1',
  'cache-control' => 'max-age=0',
  'connection' => 'keep-alive',
  'host' => 'local.wh.com',
  'content-length' => '',
  'content-type' => '',
)
[ info ] [ PARAM ] array (
)
[ info ] [ RUN ] app\admin\controller\Crontab->auto_get[ G:\whsystem\application\admin\controller\Crontab.php ]
[ info ] [ CACHE ] INIT File
[ info ] [ LOG ] INIT File
---------------------------------------------------------------
[ 2017-01-02T23:40:09+08:00 ] 127.0.0.1 127.0.0.1 GET /admin/crontab/auto_get
[ info ] local.wh.com/admin/crontab/auto_get [运行时间：1.880108s][吞吐率：0.53req/s] [内存消耗：1,241.59kb] [文件加载：41]
[ info ] [ LANG ] G:\whsystem\thinkphp\lang\zh-cn.php
[ info ] [ ROUTE ] array (
  'type' => 'module',
  'module' => 
  array (
    0 => 'admin',
    1 => 'crontab',
    2 => 'auto_get',
  ),
)
[ info ] [ HEADER ] array (
  'cookie' => 'PHPSESSID=j5ob2tulke5ii7upjovk99ro63; Hm_lvt_0ab4db557b96d841137861e0740d1e0a=1507555348,1507641749,1507732508,1507906052; Hm_lpvt_0ab4db557b96d841137861e0740d1e0a=1507906052; Hm_lvt_18784dd00dc1c9774528d08ae7943072=1507555349,1507641750,1507732513,1507906054; Hm_lpvt_18784dd00dc1c9774528d08ae7943072=1507906054',
  'accept-language' => 'zh-CN,zh;q=0.8',
  'accept-encoding' => 'gzip, deflate, sdch',
  'accept' => 'text/html,application/xhtml+xml,application/xml;q=0.9,image/webp,*/*;q=0.8',
  'user-agent' => 'Mozilla/5.0 (Windows NT 6.1; WOW64) AppleWebKit/537.36 (KHTML, like Gecko) Chrome/53.0.2785.104 Safari/537.36 Core/1.53.3408.400 QQBrowser/9.6.12028.400',
  'upgrade-insecure-requests' => '1',
  'cache-control' => 'no-cache',
  'pragma' => 'no-cache',
  'connection' => 'keep-alive',
  'host' => 'local.wh.com',
  'content-length' => '',
  'content-type' => '',
)
[ info ] [ PARAM ] array (
)
[ info ] [ RUN ] app\admin\controller\Crontab->auto_get[ G:\whsystem\application\admin\controller\Crontab.php ]
[ info ] [ CACHE ] INIT File
[ info ] [ LOG ] INIT File
---------------------------------------------------------------
[ 2017-01-02T23:40:25+08:00 ] 127.0.0.1 127.0.0.1 GET /admin/crontab/get_cache_wh_data/currency/AUDHKD
[ info ] local.wh.com/admin/crontab/get_cache_wh_data/currency/AUDHKD [运行时间：0.028002s][吞吐率：35.71req/s] [内存消耗：1,204.79kb] [文件加载：40]
[ info ] [ LANG ] G:\whsystem\thinkphp\lang\zh-cn.php
[ info ] [ ROUTE ] array (
  'type' => 'module',
  'module' => 
  array (
    0 => 'admin',
    1 => 'crontab',
    2 => 'get_cache_wh_data',
  ),
)
[ info ] [ HEADER ] array (
  'cookie' => 'PHPSESSID=j5ob2tulke5ii7upjovk99ro63; Hm_lvt_0ab4db557b96d841137861e0740d1e0a=1507555348,1507641749,1507732508,1507906052; Hm_lpvt_0ab4db557b96d841137861e0740d1e0a=1507906052; Hm_lvt_18784dd00dc1c9774528d08ae7943072=1507555349,1507641750,1507732513,1507906054; Hm_lpvt_18784dd00dc1c9774528d08ae7943072=1507906054',
  'accept-language' => 'zh-CN,zh;q=0.8',
  'accept-encoding' => 'gzip, deflate, sdch',
  'accept' => 'text/html,application/xhtml+xml,application/xml;q=0.9,image/webp,*/*;q=0.8',
  'user-agent' => 'Mozilla/5.0 (Windows NT 6.1; WOW64) AppleWebKit/537.36 (KHTML, like Gecko) Chrome/53.0.2785.104 Safari/537.36 Core/1.53.3408.400 QQBrowser/9.6.12028.400',
  'upgrade-insecure-requests' => '1',
  'cache-control' => 'max-age=0',
  'connection' => 'keep-alive',
  'host' => 'local.wh.com',
  'content-length' => '',
  'content-type' => '',
)
[ info ] [ PARAM ] array (
  'currency' => 'AUDHKD',
)
[ info ] [ RUN ] app\admin\controller\Crontab->get_cache_wh_data[ G:\whsystem\application\admin\controller\Crontab.php ]
[ info ] [ CACHE ] INIT File
[ info ] [ LOG ] INIT File
---------------------------------------------------------------
[ 2017-01-02T23:42:42+08:00 ] 127.0.0.1 127.0.0.1 GET /admin/crontab/get_cache_wh_data/currency/AUDHKD
[ info ] local.wh.com/admin/crontab/get_cache_wh_data/currency/AUDHKD [运行时间：0.036002s][吞吐率：27.78req/s] [内存消耗：1,205.09kb] [文件加载：40]
[ info ] [ LANG ] G:\whsystem\thinkphp\lang\zh-cn.php
[ info ] [ ROUTE ] array (
  'type' => 'module',
  'module' => 
  array (
    0 => 'admin',
    1 => 'crontab',
    2 => 'get_cache_wh_data',
  ),
)
[ info ] [ HEADER ] array (
  'cookie' => 'PHPSESSID=j5ob2tulke5ii7upjovk99ro63; Hm_lvt_0ab4db557b96d841137861e0740d1e0a=1507555348,1507641749,1507732508,1507906052; Hm_lpvt_0ab4db557b96d841137861e0740d1e0a=1507906052; Hm_lvt_18784dd00dc1c9774528d08ae7943072=1507555349,1507641750,1507732513,1507906054; Hm_lpvt_18784dd00dc1c9774528d08ae7943072=1507906054',
  'accept-language' => 'zh-CN,zh;q=0.8',
  'accept-encoding' => 'gzip, deflate, sdch',
  'accept' => 'text/html,application/xhtml+xml,application/xml;q=0.9,image/webp,*/*;q=0.8',
  'user-agent' => 'Mozilla/5.0 (Windows NT 6.1; WOW64) AppleWebKit/537.36 (KHTML, like Gecko) Chrome/53.0.2785.104 Safari/537.36 Core/1.53.3408.400 QQBrowser/9.6.12028.400',
  'upgrade-insecure-requests' => '1',
  'cache-control' => 'max-age=0',
  'connection' => 'keep-alive',
  'host' => 'local.wh.com',
  'content-length' => '',
  'content-type' => '',
)
[ info ] [ PARAM ] array (
  'currency' => 'AUDHKD',
)
[ info ] [ RUN ] app\admin\controller\Crontab->get_cache_wh_data[ G:\whsystem\application\admin\controller\Crontab.php ]
[ info ] [ CACHE ] INIT File
[ info ] [ LOG ] INIT File
---------------------------------------------------------------
[ 2017-01-02T23:42:52+08:00 ] 127.0.0.1 127.0.0.1 GET /admin/crontab/get_cache_wh_data/currency/AUDHKD
[ info ] local.wh.com/admin/crontab/get_cache_wh_data/currency/AUDHKD [运行时间：0.031002s][吞吐率：32.26req/s] [内存消耗：1,176.84kb] [文件加载：39]
[ info ] [ LANG ] G:\whsystem\thinkphp\lang\zh-cn.php
[ info ] [ ROUTE ] array (
  'type' => 'module',
  'module' => 
  array (
    0 => 'admin',
    1 => 'crontab',
    2 => 'get_cache_wh_data',
  ),
)
[ info ] [ HEADER ] array (
  'cookie' => 'PHPSESSID=j5ob2tulke5ii7upjovk99ro63; Hm_lvt_0ab4db557b96d841137861e0740d1e0a=1507555348,1507641749,1507732508,1507906052; Hm_lpvt_0ab4db557b96d841137861e0740d1e0a=1507906052; Hm_lvt_18784dd00dc1c9774528d08ae7943072=1507555349,1507641750,1507732513,1507906054; Hm_lpvt_18784dd00dc1c9774528d08ae7943072=1507906054',
  'accept-language' => 'zh-CN,zh;q=0.8',
  'accept-encoding' => 'gzip, deflate, sdch',
  'accept' => 'text/html,application/xhtml+xml,application/xml;q=0.9,image/webp,*/*;q=0.8',
  'user-agent' => 'Mozilla/5.0 (Windows NT 6.1; WOW64) AppleWebKit/537.36 (KHTML, like Gecko) Chrome/53.0.2785.104 Safari/537.36 Core/1.53.3408.400 QQBrowser/9.6.12028.400',
  'upgrade-insecure-requests' => '1',
  'cache-control' => 'no-cache',
  'pragma' => 'no-cache',
  'connection' => 'keep-alive',
  'host' => 'local.wh.com',
  'content-length' => '',
  'content-type' => '',
)
[ info ] [ PARAM ] array (
  'currency' => 'AUDHKD',
)
[ info ] [ RUN ] app\admin\controller\Crontab->get_cache_wh_data[ G:\whsystem\application\admin\controller\Crontab.php ]
[ info ] [ CACHE ] INIT File
[ info ] [ LOG ] INIT File
---------------------------------------------------------------
[ 2017-01-02T23:43:00+08:00 ] 127.0.0.1 127.0.0.1 GET /admin/crontab/get_cache_wh_data/currency/AUDHKD
[ info ] local.wh.com/admin/crontab/get_cache_wh_data/currency/AUDHKD [运行时间：0.036002s][吞吐率：27.78req/s] [内存消耗：1,204.73kb] [文件加载：40]
[ info ] [ LANG ] G:\whsystem\thinkphp\lang\zh-cn.php
[ info ] [ ROUTE ] array (
  'type' => 'module',
  'module' => 
  array (
    0 => 'admin',
    1 => 'crontab',
    2 => 'get_cache_wh_data',
  ),
)
[ info ] [ HEADER ] array (
  'cookie' => 'PHPSESSID=j5ob2tulke5ii7upjovk99ro63; Hm_lvt_0ab4db557b96d841137861e0740d1e0a=1507555348,1507641749,1507732508,1507906052; Hm_lpvt_0ab4db557b96d841137861e0740d1e0a=1507906052; Hm_lvt_18784dd00dc1c9774528d08ae7943072=1507555349,1507641750,1507732513,1507906054; Hm_lpvt_18784dd00dc1c9774528d08ae7943072=1507906054',
  'accept-language' => 'zh-CN,zh;q=0.8',
  'accept-encoding' => 'gzip, deflate, sdch',
  'accept' => 'text/html,application/xhtml+xml,application/xml;q=0.9,image/webp,*/*;q=0.8',
  'user-agent' => 'Mozilla/5.0 (Windows NT 6.1; WOW64) AppleWebKit/537.36 (KHTML, like Gecko) Chrome/53.0.2785.104 Safari/537.36 Core/1.53.3408.400 QQBrowser/9.6.12028.400',
  'upgrade-insecure-requests' => '1',
  'cache-control' => 'max-age=0',
  'connection' => 'keep-alive',
  'host' => 'local.wh.com',
  'content-length' => '',
  'content-type' => '',
)
[ info ] [ PARAM ] array (
  'currency' => 'AUDHKD',
)
[ info ] [ RUN ] app\admin\controller\Crontab->get_cache_wh_data[ G:\whsystem\application\admin\controller\Crontab.php ]
[ info ] [ CACHE ] INIT File
[ info ] [ LOG ] INIT File
---------------------------------------------------------------
[ 2017-01-02T23:43:49+08:00 ] 127.0.0.1 127.0.0.1 GET /admin/crontab/get_cache_wh_data/currency/AUDHKD
[ info ] local.wh.com/admin/crontab/get_cache_wh_data/currency/AUDHKD [运行时间：0.035002s][吞吐率：28.57req/s] [内存消耗：1,201.20kb] [文件加载：40]
[ info ] [ LANG ] G:\whsystem\thinkphp\lang\zh-cn.php
[ info ] [ ROUTE ] array (
  'type' => 'module',
  'module' => 
  array (
    0 => 'admin',
    1 => 'crontab',
    2 => 'get_cache_wh_data',
  ),
)
[ info ] [ HEADER ] array (
  'cookie' => 'PHPSESSID=j5ob2tulke5ii7upjovk99ro63; Hm_lvt_0ab4db557b96d841137861e0740d1e0a=1507555348,1507641749,1507732508,1507906052; Hm_lpvt_0ab4db557b96d841137861e0740d1e0a=1507906052; Hm_lvt_18784dd00dc1c9774528d08ae7943072=1507555349,1507641750,1507732513,1507906054; Hm_lpvt_18784dd00dc1c9774528d08ae7943072=1507906054',
  'accept-language' => 'zh-CN,zh;q=0.8',
  'accept-encoding' => 'gzip, deflate, sdch',
  'accept' => 'text/html,application/xhtml+xml,application/xml;q=0.9,image/webp,*/*;q=0.8',
  'user-agent' => 'Mozilla/5.0 (Windows NT 6.1; WOW64) AppleWebKit/537.36 (KHTML, like Gecko) Chrome/53.0.2785.104 Safari/537.36 Core/1.53.3408.400 QQBrowser/9.6.12028.400',
  'upgrade-insecure-requests' => '1',
  'cache-control' => 'max-age=0',
  'connection' => 'keep-alive',
  'host' => 'local.wh.com',
  'content-length' => '',
  'content-type' => '',
)
[ info ] [ PARAM ] array (
  'currency' => 'AUDHKD',
)
[ info ] [ RUN ] app\admin\controller\Crontab->get_cache_wh_data[ G:\whsystem\application\admin\controller\Crontab.php ]
[ info ] [ CACHE ] INIT File
[ info ] [ LOG ] INIT File
---------------------------------------------------------------
[ 2017-01-02T23:44:04+08:00 ] 127.0.0.1 127.0.0.1 GET /admin/crontab/get_cache_wh_data/currency/AUDHKD
[ info ] local.wh.com/admin/crontab/get_cache_wh_data/currency/AUDHKD [运行时间：0.033002s][吞吐率：30.30req/s] [内存消耗：1,204.73kb] [文件加载：40]
[ info ] [ LANG ] G:\whsystem\thinkphp\lang\zh-cn.php
[ info ] [ ROUTE ] array (
  'type' => 'module',
  'module' => 
  array (
    0 => 'admin',
    1 => 'crontab',
    2 => 'get_cache_wh_data',
  ),
)
[ info ] [ HEADER ] array (
  'cookie' => 'PHPSESSID=j5ob2tulke5ii7upjovk99ro63; Hm_lvt_0ab4db557b96d841137861e0740d1e0a=1507555348,1507641749,1507732508,1507906052; Hm_lpvt_0ab4db557b96d841137861e0740d1e0a=1507906052; Hm_lvt_18784dd00dc1c9774528d08ae7943072=1507555349,1507641750,1507732513,1507906054; Hm_lpvt_18784dd00dc1c9774528d08ae7943072=1507906054',
  'accept-language' => 'zh-CN,zh;q=0.8',
  'accept-encoding' => 'gzip, deflate, sdch',
  'accept' => 'text/html,application/xhtml+xml,application/xml;q=0.9,image/webp,*/*;q=0.8',
  'user-agent' => 'Mozilla/5.0 (Windows NT 6.1; WOW64) AppleWebKit/537.36 (KHTML, like Gecko) Chrome/53.0.2785.104 Safari/537.36 Core/1.53.3408.400 QQBrowser/9.6.12028.400',
  'upgrade-insecure-requests' => '1',
  'cache-control' => 'max-age=0',
  'connection' => 'keep-alive',
  'host' => 'local.wh.com',
  'content-length' => '',
  'content-type' => '',
)
[ info ] [ PARAM ] array (
  'currency' => 'AUDHKD',
)
[ info ] [ RUN ] app\admin\controller\Crontab->get_cache_wh_data[ G:\whsystem\application\admin\controller\Crontab.php ]
[ info ] [ CACHE ] INIT File
[ info ] [ LOG ] INIT File
---------------------------------------------------------------
[ 2017-01-02T23:44:57+08:00 ] 127.0.0.1 127.0.0.1 GET /admin/crontab/get_cache_wh_data/currency/AUDHKD
[ info ] local.wh.com/admin/crontab/get_cache_wh_data/currency/AUDHKD [运行时间：0.032002s][吞吐率：31.25req/s] [内存消耗：1,200.85kb] [文件加载：40]
[ info ] [ LANG ] G:\whsystem\thinkphp\lang\zh-cn.php
[ info ] [ ROUTE ] array (
  'type' => 'module',
  'module' => 
  array (
    0 => 'admin',
    1 => 'crontab',
    2 => 'get_cache_wh_data',
  ),
)
[ info ] [ HEADER ] array (
  'cookie' => 'PHPSESSID=j5ob2tulke5ii7upjovk99ro63; Hm_lvt_0ab4db557b96d841137861e0740d1e0a=1507555348,1507641749,1507732508,1507906052; Hm_lpvt_0ab4db557b96d841137861e0740d1e0a=1507906052; Hm_lvt_18784dd00dc1c9774528d08ae7943072=1507555349,1507641750,1507732513,1507906054; Hm_lpvt_18784dd00dc1c9774528d08ae7943072=1507906054',
  'accept-language' => 'zh-CN,zh;q=0.8',
  'accept-encoding' => 'gzip, deflate, sdch',
  'accept' => 'text/html,application/xhtml+xml,application/xml;q=0.9,image/webp,*/*;q=0.8',
  'user-agent' => 'Mozilla/5.0 (Windows NT 6.1; WOW64) AppleWebKit/537.36 (KHTML, like Gecko) Chrome/53.0.2785.104 Safari/537.36 Core/1.53.3408.400 QQBrowser/9.6.12028.400',
  'upgrade-insecure-requests' => '1',
  'cache-control' => 'no-cache',
  'pragma' => 'no-cache',
  'connection' => 'keep-alive',
  'host' => 'local.wh.com',
  'content-length' => '',
  'content-type' => '',
)
[ info ] [ PARAM ] array (
  'currency' => 'AUDHKD',
)
[ info ] [ RUN ] app\admin\controller\Crontab->get_cache_wh_data[ G:\whsystem\application\admin\controller\Crontab.php ]
[ info ] [ CACHE ] INIT File
[ info ] [ LOG ] INIT File
---------------------------------------------------------------
[ 2017-01-02T23:48:58+08:00 ] 127.0.0.1 127.0.0.1 GET /admin/crontab/auto_get
[ info ] local.wh.com/admin/crontab/auto_get [运行时间：0.039002s][吞吐率：25.64req/s] [内存消耗：1,277.52kb] [文件加载：45]
[ info ] [ LANG ] G:\whsystem\thinkphp\lang\zh-cn.php
[ info ] [ ROUTE ] array (
  'type' => 'module',
  'module' => 
  array (
    0 => 'admin',
    1 => 'crontab',
    2 => 'auto_get',
  ),
)
[ info ] [ HEADER ] array (
  'cookie' => 'PHPSESSID=j5ob2tulke5ii7upjovk99ro63; Hm_lvt_0ab4db557b96d841137861e0740d1e0a=1507555348,1507641749,1507732508,1507906052; Hm_lpvt_0ab4db557b96d841137861e0740d1e0a=1507906052; Hm_lvt_18784dd00dc1c9774528d08ae7943072=1507555349,1507641750,1507732513,1507906054; Hm_lpvt_18784dd00dc1c9774528d08ae7943072=1507906054',
  'accept-language' => 'zh-CN,zh;q=0.8',
  'accept-encoding' => 'gzip, deflate, sdch',
  'accept' => 'text/html,application/xhtml+xml,application/xml;q=0.9,image/webp,*/*;q=0.8',
  'user-agent' => 'Mozilla/5.0 (Windows NT 6.1; WOW64) AppleWebKit/537.36 (KHTML, like Gecko) Chrome/53.0.2785.104 Safari/537.36 Core/1.53.3408.400 QQBrowser/9.6.12028.400',
  'upgrade-insecure-requests' => '1',
  'cache-control' => 'max-age=0',
  'connection' => 'keep-alive',
  'host' => 'local.wh.com',
  'content-length' => '',
  'content-type' => '',
)
[ info ] [ PARAM ] array (
)
[ info ] [ RUN ] app\admin\controller\Crontab->auto_get[ G:\whsystem\application\admin\controller\Crontab.php ]
[ info ] [ CACHE ] INIT File
[ info ] [ LOG ] INIT File
[ error ] [1]Class 'app\admin\controller\UseModel' not found[G:\whsystem\application\admin\controller\Crontab.php:64]
---------------------------------------------------------------
[ 2017-01-02T23:49:33+08:00 ] 127.0.0.1 127.0.0.1 GET /admin/crontab/auto_get
[ info ] local.wh.com/admin/crontab/auto_get [运行时间：0.037002s][吞吐率：27.03req/s] [内存消耗：1,277.52kb] [文件加载：45]
[ info ] [ LANG ] G:\whsystem\thinkphp\lang\zh-cn.php
[ info ] [ ROUTE ] array (
  'type' => 'module',
  'module' => 
  array (
    0 => 'admin',
    1 => 'crontab',
    2 => 'auto_get',
  ),
)
[ info ] [ HEADER ] array (
  'cookie' => 'PHPSESSID=j5ob2tulke5ii7upjovk99ro63; Hm_lvt_0ab4db557b96d841137861e0740d1e0a=1507555348,1507641749,1507732508,1507906052; Hm_lpvt_0ab4db557b96d841137861e0740d1e0a=1507906052; Hm_lvt_18784dd00dc1c9774528d08ae7943072=1507555349,1507641750,1507732513,1507906054; Hm_lpvt_18784dd00dc1c9774528d08ae7943072=1507906054',
  'accept-language' => 'zh-CN,zh;q=0.8',
  'accept-encoding' => 'gzip, deflate, sdch',
  'accept' => 'text/html,application/xhtml+xml,application/xml;q=0.9,image/webp,*/*;q=0.8',
  'user-agent' => 'Mozilla/5.0 (Windows NT 6.1; WOW64) AppleWebKit/537.36 (KHTML, like Gecko) Chrome/53.0.2785.104 Safari/537.36 Core/1.53.3408.400 QQBrowser/9.6.12028.400',
  'upgrade-insecure-requests' => '1',
  'cache-control' => 'max-age=0',
  'connection' => 'keep-alive',
  'host' => 'local.wh.com',
  'content-length' => '',
  'content-type' => '',
)
[ info ] [ PARAM ] array (
)
[ info ] [ RUN ] app\admin\controller\Crontab->auto_get[ G:\whsystem\application\admin\controller\Crontab.php ]
[ info ] [ CACHE ] INIT File
[ info ] [ LOG ] INIT File
[ error ] [1]Class 'app\admin\controller\UseModel' not found[G:\whsystem\application\admin\controller\Crontab.php:64]
---------------------------------------------------------------
[ 2017-01-02T23:51:02+08:00 ] 127.0.0.1 127.0.0.1 GET /admin/crontab/auto_get
[ info ] local.wh.com/admin/crontab/auto_get [运行时间：0.051003s][吞吐率：19.61req/s] [内存消耗：2,061.91kb] [文件加载：52]
[ info ] [ LANG ] G:\whsystem\thinkphp\lang\zh-cn.php
[ info ] [ ROUTE ] array (
  'type' => 'module',
  'module' => 
  array (
    0 => 'admin',
    1 => 'crontab',
    2 => 'auto_get',
  ),
)
[ info ] [ HEADER ] array (
  'cookie' => 'PHPSESSID=j5ob2tulke5ii7upjovk99ro63; Hm_lvt_0ab4db557b96d841137861e0740d1e0a=1507555348,1507641749,1507732508,1507906052; Hm_lpvt_0ab4db557b96d841137861e0740d1e0a=1507906052; Hm_lvt_18784dd00dc1c9774528d08ae7943072=1507555349,1507641750,1507732513,1507906054; Hm_lpvt_18784dd00dc1c9774528d08ae7943072=1507906054',
  'accept-language' => 'zh-CN,zh;q=0.8',
  'accept-encoding' => 'gzip, deflate, sdch',
  'accept' => 'text/html,application/xhtml+xml,application/xml;q=0.9,image/webp,*/*;q=0.8',
  'user-agent' => 'Mozilla/5.0 (Windows NT 6.1; WOW64) AppleWebKit/537.36 (KHTML, like Gecko) Chrome/53.0.2785.104 Safari/537.36 Core/1.53.3408.400 QQBrowser/9.6.12028.400',
  'upgrade-insecure-requests' => '1',
  'cache-control' => 'max-age=0',
  'connection' => 'keep-alive',
  'host' => 'local.wh.com',
  'content-length' => '',
  'content-type' => '',
)
[ info ] [ PARAM ] array (
)
[ info ] [ RUN ] app\admin\controller\Crontab->auto_get[ G:\whsystem\application\admin\controller\Crontab.php ]
[ info ] [ CACHE ] INIT File
[ info ] [ DB ] INIT mysql
[ info ] [ LOG ] INIT File
[ error ] [0]method not exist:think\db\Query->use_lists[G:\whsystem\thinkphp\library\think\db\Query.php:94]
---------------------------------------------------------------
[ 2017-01-02T23:51:51+08:00 ] 127.0.0.1 127.0.0.1 GET /admin/crontab/auto_get
[ info ] local.wh.com/admin/crontab/auto_get [运行时间：2.039117s][吞吐率：0.49req/s] [内存消耗：2,294.73kb] [文件加载：54]
[ info ] [ LANG ] G:\whsystem\thinkphp\lang\zh-cn.php
[ info ] [ ROUTE ] array (
  'type' => 'module',
  'module' => 
  array (
    0 => 'admin',
    1 => 'crontab',
    2 => 'auto_get',
  ),
)
[ info ] [ HEADER ] array (
  'cookie' => 'PHPSESSID=j5ob2tulke5ii7upjovk99ro63; Hm_lvt_0ab4db557b96d841137861e0740d1e0a=1507555348,1507641749,1507732508,1507906052; Hm_lpvt_0ab4db557b96d841137861e0740d1e0a=1507906052; Hm_lvt_18784dd00dc1c9774528d08ae7943072=1507555349,1507641750,1507732513,1507906054; Hm_lpvt_18784dd00dc1c9774528d08ae7943072=1507906054',
  'accept-language' => 'zh-CN,zh;q=0.8',
  'accept-encoding' => 'gzip, deflate, sdch',
  'accept' => 'text/html,application/xhtml+xml,application/xml;q=0.9,image/webp,*/*;q=0.8',
  'user-agent' => 'Mozilla/5.0 (Windows NT 6.1; WOW64) AppleWebKit/537.36 (KHTML, like Gecko) Chrome/53.0.2785.104 Safari/537.36 Core/1.53.3408.400 QQBrowser/9.6.12028.400',
  'upgrade-insecure-requests' => '1',
  'cache-control' => 'no-cache',
  'pragma' => 'no-cache',
  'connection' => 'keep-alive',
  'host' => 'local.wh.com',
  'content-length' => '',
  'content-type' => '',
)
[ info ] [ PARAM ] array (
)
[ info ] [ RUN ] app\admin\controller\Crontab->auto_get[ G:\whsystem\application\admin\controller\Crontab.php ]
[ info ] [ CACHE ] INIT File
[ info ] [ DB ] INIT mysql
[ info ] [ LOG ] INIT File
[ sql ] [ DB ] CONNECT:[ UseTime:0.002000s ] mysql:host=127.0.0.1;port=3306;dbname=whsystem;charset=utf8
[ sql ] [ SQL ] SHOW COLUMNS FROM `wh_use` [ RunTime:0.020001s ]
[ sql ] [ SQL ] SELECT * FROM `wh_use` WHERE  `status` = 2 [ RunTime:0.001000s ]
[ error ] [1]Class 'app\admin\controller\AdjustModel' not found[G:\whsystem\application\admin\controller\Crontab.php:112]
---------------------------------------------------------------
[ 2017-01-02T23:52:39+08:00 ] 127.0.0.1 127.0.0.1 GET /admin/crontab/auto_get
[ info ] local.wh.com/admin/crontab/auto_get [运行时间：2.012115s][吞吐率：0.50req/s] [内存消耗：2,161.02kb] [文件加载：55]
[ info ] [ LANG ] G:\whsystem\thinkphp\lang\zh-cn.php
[ info ] [ ROUTE ] array (
  'type' => 'module',
  'module' => 
  array (
    0 => 'admin',
    1 => 'crontab',
    2 => 'auto_get',
  ),
)
[ info ] [ HEADER ] array (
  'cookie' => 'PHPSESSID=j5ob2tulke5ii7upjovk99ro63; Hm_lvt_0ab4db557b96d841137861e0740d1e0a=1507555348,1507641749,1507732508,1507906052; Hm_lpvt_0ab4db557b96d841137861e0740d1e0a=1507906052; Hm_lvt_18784dd00dc1c9774528d08ae7943072=1507555349,1507641750,1507732513,1507906054; Hm_lpvt_18784dd00dc1c9774528d08ae7943072=1507906054',
  'accept-language' => 'zh-CN,zh;q=0.8',
  'accept-encoding' => 'gzip, deflate, sdch',
  'accept' => 'text/html,application/xhtml+xml,application/xml;q=0.9,image/webp,*/*;q=0.8',
  'user-agent' => 'Mozilla/5.0 (Windows NT 6.1; WOW64) AppleWebKit/537.36 (KHTML, like Gecko) Chrome/53.0.2785.104 Safari/537.36 Core/1.53.3408.400 QQBrowser/9.6.12028.400',
  'upgrade-insecure-requests' => '1',
  'cache-control' => 'max-age=0',
  'connection' => 'keep-alive',
  'host' => 'local.wh.com',
  'content-length' => '',
  'content-type' => '',
)
[ info ] [ PARAM ] array (
)
[ info ] [ RUN ] app\admin\controller\Crontab->auto_get[ G:\whsystem\application\admin\controller\Crontab.php ]
[ info ] [ CACHE ] INIT File
[ info ] [ DB ] INIT mysql
[ info ] [ LOG ] INIT File
[ sql ] [ DB ] CONNECT:[ UseTime:0.001000s ] mysql:host=127.0.0.1;port=3306;dbname=whsystem;charset=utf8
[ sql ] [ SQL ] SHOW COLUMNS FROM `wh_use` [ RunTime:0.020001s ]
[ sql ] [ SQL ] SELECT * FROM `wh_use` WHERE  `status` = 2 [ RunTime:0.001000s ]
[ sql ] [ SQL ] SHOW COLUMNS FROM `wh_adjust` [ RunTime:0.023002s ]
[ sql ] [ SQL ] SELECT * FROM `wh_adjust` [ RunTime:0.000000s ]
[ error ] [1][] operator not supported for strings[G:\whsystem\application\admin\controller\Crontab.php:22]
---------------------------------------------------------------
[ 2017-01-02T23:59:07+08:00 ] 127.0.0.1 127.0.0.1 GET /admin/crontab/auto_get
[ info ] local.wh.com/admin/crontab/auto_get [运行时间：1.891108s][吞吐率：0.53req/s] [内存消耗：2,115.34kb] [文件加载：51]
[ info ] [ LANG ] G:\whsystem\thinkphp\lang\zh-cn.php
[ info ] [ ROUTE ] array (
  'type' => 'module',
  'module' => 
  array (
    0 => 'admin',
    1 => 'crontab',
    2 => 'auto_get',
  ),
)
[ info ] [ HEADER ] array (
  'cookie' => 'PHPSESSID=j5ob2tulke5ii7upjovk99ro63; Hm_lvt_0ab4db557b96d841137861e0740d1e0a=1507555348,1507641749,1507732508,1507906052; Hm_lpvt_0ab4db557b96d841137861e0740d1e0a=1507906052; Hm_lvt_18784dd00dc1c9774528d08ae7943072=1507555349,1507641750,1507732513,1507906054; Hm_lpvt_18784dd00dc1c9774528d08ae7943072=1507906054',
  'accept-language' => 'zh-CN,zh;q=0.8',
  'accept-encoding' => 'gzip, deflate, sdch',
  'accept' => 'text/html,application/xhtml+xml,application/xml;q=0.9,image/webp,*/*;q=0.8',
  'user-agent' => 'Mozilla/5.0 (Windows NT 6.1; WOW64) AppleWebKit/537.36 (KHTML, like Gecko) Chrome/53.0.2785.104 Safari/537.36 Core/1.53.3408.400 QQBrowser/9.6.12028.400',
  'upgrade-insecure-requests' => '1',
  'cache-control' => 'max-age=0',
  'connection' => 'keep-alive',
  'host' => 'local.wh.com',
  'content-length' => '',
  'content-type' => '',
)
[ info ] [ PARAM ] array (
)
[ info ] [ RUN ] app\admin\controller\Crontab->auto_get[ G:\whsystem\application\admin\controller\Crontab.php ]
[ info ] [ CACHE ] INIT File
[ info ] [ DB ] INIT mysql
[ info ] [ LOG ] INIT File
[ sql ] [ DB ] CONNECT:[ UseTime:0.002000s ] mysql:host=127.0.0.1;port=3306;dbname=whsystem;charset=utf8
[ sql ] [ SQL ] SHOW COLUMNS FROM `wh_use` [ RunTime:0.019001s ]
[ sql ] [ SQL ] SELECT * FROM `wh_use` WHERE  `status` = 2 [ RunTime:0.001000s ]
[ sql ] [ SQL ] SHOW COLUMNS FROM `wh_adjust` [ RunTime:0.022002s ]
[ sql ] [ SQL ] SELECT * FROM `wh_adjust` [ RunTime:0.001000s ]
